=========================================================================
Log Path: ./log/log_2022-06-18_2022-06-18 23_47_59.log
Program Path: C:/Users/owner/OneDrive/Documents/MS Analytics_HU/ANLY 530-51- B-2022Summer - Prin and Appl of Machine Learning/SampleProject/main.R
Working Directory: C:/Users/owner/OneDrive/Documents/MS Analytics_HU/ANLY 530-51- B-2022Summer - Prin and Appl of Machine Learning/SampleProject
User Name: owner
R Version: 4.1.0 (2021-05-18)
Machine: DESKTOP-12J9I86 x86-64
Operating System: Windows 10 x64 build 22000
Base Packages: stats graphics grDevices utils datasets methods base
Other Packages: logr_1.3.0 corrplot_0.90 magrittr_2.0.1 mice_3.13.0 readr_2.1.1
                quantmod_0.4.20 TTR_0.24.3 xts_0.12.1 zoo_1.8-9 caret_6.0-92
                lattice_0.20-44 ggplot2_3.3.5 
Log Start Time: 2022-06-18 23:47:59
=========================================================================

Download data... 

NOTE: Log Print Time:  2022-06-18 23:47:59
NOTE: Elapsed Time: 0.227998971939087 secs

             Open   High    Low  Close  Volume Adjusted
2017-06-19 949.96 959.99 949.05 957.37 1533300   957.37
2017-06-20 957.52 961.62 950.01 950.63 1126000   950.63
2017-06-21 953.64 960.10 950.76 959.45 1202200   959.45
2017-06-22 958.70 960.72 954.55 957.09  941400   957.09
2017-06-23 956.83 966.00 954.20 965.59 1527900   965.59
2017-06-26 969.90 973.31 950.79 952.27 1598400   952.27

NOTE: Log Print Time:  2022-06-18 23:47:59
NOTE: Elapsed Time: 0.0039830207824707 secs

correlation analysis...

NOTE: Log Print Time:  2022-06-18 23:47:59
NOTE: Elapsed Time: 0.0458769798278809 secs

             High        Low      Close     Volume
High    1.0000000  0.9995640  0.9996468 -0.1971382
Low     0.9995640  1.0000000  0.9996903 -0.2142427
Close   0.9996468  0.9996903  1.0000000 -0.2071475
Volume -0.1971382 -0.2142427 -0.2071475  1.0000000

NOTE: Log Print Time:  2022-06-18 23:47:59
NOTE: Elapsed Time: 0.00199294090270996 secs

added features...

NOTE: Log Print Time:  2022-06-18 23:47:59
NOTE: Elapsed Time: 0.0598399639129639 secs

            Volume dn mavg up
2017-06-19 1533300 NA   NA NA
2017-06-20 1126000 NA   NA NA
2017-06-21 1202200 NA   NA NA
2017-06-22  941400 NA   NA NA
2017-06-23 1527900 NA   NA NA
2017-06-26 1598400 NA   NA NA

NOTE: Data frame has 6 rows and 4 columns.

NOTE: Log Print Time:  2022-06-18 23:47:59
NOTE: Elapsed Time: 0.0049891471862793 secs

Error in loadNamespace(x) : there is no package called ‘outlieR’

Traceback:
10: stop(cond)
9: doWithOneRestart(return(expr), restart)
8: withOneRestart(expr, restarts[[1L]])
7: withRestarts(stop(cond), retry_loadNamespace = function() NULL)
6: loadNamespace(x)
5: data %>% outlieR::impute(flag = NULL, fill = "mean", level = 0.1, 
       nmax = NULL, side = NULL, crit = "lof", k = 5, metric = "euclidean", 
       q = 3) at preprocess_data.r#8
4: eval(ei, envir)
3: eval(ei, envir)
2: withVisible(eval(ei, envir))
1: source("scripts/preprocess_data.r")

NOTE: Log Print Time:  2022-06-18 23:48:01
NOTE: Elapsed Time: 1.78680396080017 secs

target creation....

NOTE: Log Print Time:  2022-06-18 23:48:01
NOTE: Elapsed Time: 0.012988805770874 secs

      bb_low      bb_avg     bb_high target
2  0.1422687  0.66368420  1.18647147   sell
3  0.4904131  0.17236978  1.05090153    buy
4 -0.4400472  0.37715066  0.74449028   sell
5 -0.6545663  4.60085158 -0.04621561    buy
6 -0.5060097 -0.01282121  1.02168905    buy
7  1.1160795 -0.60573213 -0.39207035    buy

NOTE: Data frame has 6 rows and 4 columns.

NOTE: Log Print Time:  2022-06-18 23:48:01
NOTE: Elapsed Time: 0.00300216674804688 secs

split data....

NOTE: Log Print Time:  2022-06-18 23:48:01
NOTE: Elapsed Time: 0.00594687461853027 secs

      bb_low     bb_avg     bb_high target
2  0.1422687  0.6636842  1.18647147   sell
3  0.4904131  0.1723698  1.05090153    buy
4 -0.4400472  0.3771507  0.74449028   sell
5 -0.6545663  4.6008516 -0.04621561    buy
7  1.1160795 -0.6057321 -0.39207035    buy
8  0.5472446 -0.8757586 -1.30444509    buy

NOTE: Data frame has 6 rows and 4 columns.

NOTE: Log Print Time:  2022-06-18 23:48:01
NOTE: Elapsed Time: 0.00502300262451172 secs

       bb_low      bb_avg    bb_high target
6  -0.5060097 -0.01282121  1.0216890    buy
10 -0.6698870 -0.82123669 -0.6492034   sell
25 -0.2087356  0.51091766  0.6381624    buy
28 -1.2513842  0.91316924  1.5763872    buy
34 -1.4699061  0.54912153  1.3055668   sell
38 -1.5238395  0.54609973  1.3292541    buy

NOTE: Data frame has 6 rows and 4 columns.

NOTE: Log Print Time:  2022-06-18 23:48:01
NOTE: Elapsed Time: 0.00395703315734863 secs

train/test decision tree....

NOTE: Log Print Time:  2022-06-18 23:48:02
NOTE: Elapsed Time: 0.583611965179443 secs

Confusion Matrix and Statistics

          Reference
Prediction buy sell
      buy   44   51
      sell  75   81
                                          
               Accuracy : 0.498           
                 95% CI : (0.4345, 0.5616)
    No Information Rate : 0.5259          
    P-Value [Acc > NIR] : 0.82847         
                                          
                  Kappa : -0.0168         
                                          
 Mcnemar's Test P-Value : 0.04046         
                                          
              Precision : 0.4632          
                 Recall : 0.3697          
                     F1 : 0.4112          
             Prevalence : 0.4741          
         Detection Rate : 0.1753          
   Detection Prevalence : 0.3785          
      Balanced Accuracy : 0.4917          
                                          
       'Positive' Class : buy             
                                          

NOTE: Log Print Time:  2022-06-18 23:48:02
NOTE: Elapsed Time: 0.00399208068847656 secs

rpart variable importance

        Overall
bb_low    3.552
bb_high   2.935
bb_avg    1.511

NOTE: Log Print Time:  2022-06-18 23:48:02
NOTE: Elapsed Time: 0.00203204154968262 secs

train/test random forest....

NOTE: Log Print Time:  2022-06-18 23:48:09
NOTE: Elapsed Time: 7.19501805305481 secs

Confusion Matrix and Statistics

          Reference
Prediction buy sell
      buy   48   73
      sell  71   59
                                        
               Accuracy : 0.4263        
                 95% CI : (0.3643, 0.49)
    No Information Rate : 0.5259        
    P-Value [Acc > NIR] : 0.9994        
                                        
                  Kappa : -0.1495       
                                        
 Mcnemar's Test P-Value : 0.9336        
                                        
              Precision : 0.3967        
                 Recall : 0.4034        
                     F1 : 0.4000        
             Prevalence : 0.4741        
         Detection Rate : 0.1912        
   Detection Prevalence : 0.4821        
      Balanced Accuracy : 0.4252        
                                        
       'Positive' Class : buy           
                                        

NOTE: Log Print Time:  2022-06-18 23:48:09
NOTE: Elapsed Time: 0.00395488739013672 secs

rf variable importance

        Overall
bb_low    183.7
bb_avg    159.9
bb_high   158.1

NOTE: Log Print Time:  2022-06-18 23:48:09
NOTE: Elapsed Time: 0.00299191474914551 secs

train/test decision tree....

NOTE: Log Print Time:  2022-06-18 23:48:09
NOTE: Elapsed Time: 0.543594121932983 secs

Confusion Matrix and Statistics

          Reference
Prediction buy sell
      buy   44   51
      sell  75   81
                                          
               Accuracy : 0.498           
                 95% CI : (0.4345, 0.5616)
    No Information Rate : 0.5259          
    P-Value [Acc > NIR] : 0.82847         
                                          
                  Kappa : -0.0168         
                                          
 Mcnemar's Test P-Value : 0.04046         
                                          
              Precision : 0.4632          
                 Recall : 0.3697          
                     F1 : 0.4112          
             Prevalence : 0.4741          
         Detection Rate : 0.1753          
   Detection Prevalence : 0.3785          
      Balanced Accuracy : 0.4917          
                                          
       'Positive' Class : buy             
                                          

NOTE: Log Print Time:  2022-06-18 23:48:09
NOTE: Elapsed Time: 0.00502490997314453 secs

rpart variable importance

        Overall
bb_low    3.552
bb_high   2.935
bb_avg    1.511

NOTE: Log Print Time:  2022-06-18 23:48:09
NOTE: Elapsed Time: 0.00398612022399902 secs

train/test random forest....

NOTE: Log Print Time:  2022-06-18 23:48:17
NOTE: Elapsed Time: 7.73338985443115 secs

Confusion Matrix and Statistics

          Reference
Prediction buy sell
      buy   48   73
      sell  71   59
                                        
               Accuracy : 0.4263        
                 95% CI : (0.3643, 0.49)
    No Information Rate : 0.5259        
    P-Value [Acc > NIR] : 0.9994        
                                        
                  Kappa : -0.1495       
                                        
 Mcnemar's Test P-Value : 0.9336        
                                        
              Precision : 0.3967        
                 Recall : 0.4034        
                     F1 : 0.4000        
             Prevalence : 0.4741        
         Detection Rate : 0.1912        
   Detection Prevalence : 0.4821        
      Balanced Accuracy : 0.4252        
                                        
       'Positive' Class : buy           
                                        

NOTE: Log Print Time:  2022-06-18 23:48:17
NOTE: Elapsed Time: 0.00398898124694824 secs

rf variable importance

        Overall
bb_low    183.7
bb_avg    159.9
bb_high   158.1

NOTE: Log Print Time:  2022-06-18 23:48:17
NOTE: Elapsed Time: 0.00299215316772461 secs

train/test decision tree....

NOTE: Log Print Time:  2022-06-18 23:48:18
NOTE: Elapsed Time: 0.527525901794434 secs

Confusion Matrix and Statistics

          Reference
Prediction buy sell
      buy   44   51
      sell  75   81
                                          
               Accuracy : 0.498           
                 95% CI : (0.4345, 0.5616)
    No Information Rate : 0.5259          
    P-Value [Acc > NIR] : 0.82847         
                                          
                  Kappa : -0.0168         
                                          
 Mcnemar's Test P-Value : 0.04046         
                                          
              Precision : 0.4632          
                 Recall : 0.3697          
                     F1 : 0.4112          
             Prevalence : 0.4741          
         Detection Rate : 0.1753          
   Detection Prevalence : 0.3785          
      Balanced Accuracy : 0.4917          
                                          
       'Positive' Class : buy             
                                          

NOTE: Log Print Time:  2022-06-18 23:48:18
NOTE: Elapsed Time: 0.00310611724853516 secs

rpart variable importance

        Overall
bb_low    3.552
bb_high   2.935
bb_avg    1.511

NOTE: Log Print Time:  2022-06-18 23:48:18
NOTE: Elapsed Time: 0.00299191474914551 secs

train/test random forest....

NOTE: Log Print Time:  2022-06-18 23:48:25
NOTE: Elapsed Time: 7.41414403915405 secs

Confusion Matrix and Statistics

          Reference
Prediction buy sell
      buy   48   73
      sell  71   59
                                        
               Accuracy : 0.4263        
                 95% CI : (0.3643, 0.49)
    No Information Rate : 0.5259        
    P-Value [Acc > NIR] : 0.9994        
                                        
                  Kappa : -0.1495       
                                        
 Mcnemar's Test P-Value : 0.9336        
                                        
              Precision : 0.3967        
                 Recall : 0.4034        
                     F1 : 0.4000        
             Prevalence : 0.4741        
         Detection Rate : 0.1912        
   Detection Prevalence : 0.4821        
      Balanced Accuracy : 0.4252        
                                        
       'Positive' Class : buy           
                                        

NOTE: Log Print Time:  2022-06-18 23:48:25
NOTE: Elapsed Time: 0.00395298004150391 secs

rf variable importance

        Overall
bb_low    183.7
bb_avg    159.9
bb_high   158.1

NOTE: Log Print Time:  2022-06-18 23:48:25
NOTE: Elapsed Time: 0.0029909610748291 secs

train/test decision tree....

NOTE: Log Print Time:  2022-06-18 23:48:26
NOTE: Elapsed Time: 0.544543027877808 secs

Confusion Matrix and Statistics

          Reference
Prediction buy sell
      buy   44   51
      sell  75   81
                                          
               Accuracy : 0.498           
                 95% CI : (0.4345, 0.5616)
    No Information Rate : 0.5259          
    P-Value [Acc > NIR] : 0.82847         
                                          
                  Kappa : -0.0168         
                                          
 Mcnemar's Test P-Value : 0.04046         
                                          
              Precision : 0.4632          
                 Recall : 0.3697          
                     F1 : 0.4112          
             Prevalence : 0.4741          
         Detection Rate : 0.1753          
   Detection Prevalence : 0.3785          
      Balanced Accuracy : 0.4917          
                                          
       'Positive' Class : buy             
                                          

NOTE: Log Print Time:  2022-06-18 23:48:26
NOTE: Elapsed Time: 0.00498700141906738 secs

rpart variable importance

        Overall
bb_low    3.552
bb_high   2.935
bb_avg    1.511

NOTE: Log Print Time:  2022-06-18 23:48:26
NOTE: Elapsed Time: 0.00302791595458984 secs

train/test random forest....

NOTE: Log Print Time:  2022-06-18 23:48:33
NOTE: Elapsed Time: 7.74984121322632 secs

Confusion Matrix and Statistics

          Reference
Prediction buy sell
      buy   48   73
      sell  71   59
                                        
               Accuracy : 0.4263        
                 95% CI : (0.3643, 0.49)
    No Information Rate : 0.5259        
    P-Value [Acc > NIR] : 0.9994        
                                        
                  Kappa : -0.1495       
                                        
 Mcnemar's Test P-Value : 0.9336        
                                        
              Precision : 0.3967        
                 Recall : 0.4034        
                     F1 : 0.4000        
             Prevalence : 0.4741        
         Detection Rate : 0.1912        
   Detection Prevalence : 0.4821        
      Balanced Accuracy : 0.4252        
                                        
       'Positive' Class : buy           
                                        

NOTE: Log Print Time:  2022-06-18 23:48:33
NOTE: Elapsed Time: 0.00295376777648926 secs

rf variable importance

        Overall
bb_low    183.7
bb_avg    159.9
bb_high   158.1

NOTE: Log Print Time:  2022-06-18 23:48:33
NOTE: Elapsed Time: 0.00399112701416016 secs

train/test decision tree....

NOTE: Log Print Time:  2022-06-18 23:48:34
NOTE: Elapsed Time: 0.521857976913452 secs

Confusion Matrix and Statistics

          Reference
Prediction buy sell
      buy   44   51
      sell  75   81
                                          
               Accuracy : 0.498           
                 95% CI : (0.4345, 0.5616)
    No Information Rate : 0.5259          
    P-Value [Acc > NIR] : 0.82847         
                                          
                  Kappa : -0.0168         
                                          
 Mcnemar's Test P-Value : 0.04046         
                                          
              Precision : 0.4632          
                 Recall : 0.3697          
                     F1 : 0.4112          
             Prevalence : 0.4741          
         Detection Rate : 0.1753          
   Detection Prevalence : 0.3785          
      Balanced Accuracy : 0.4917          
                                          
       'Positive' Class : buy             
                                          

NOTE: Log Print Time:  2022-06-18 23:48:34
NOTE: Elapsed Time: 0.00398898124694824 secs

rpart variable importance

        Overall
bb_low    3.552
bb_high   2.935
bb_avg    1.511

NOTE: Log Print Time:  2022-06-18 23:48:34
NOTE: Elapsed Time: 0.00299191474914551 secs

train/test random forest....

NOTE: Log Print Time:  2022-06-18 23:48:42
NOTE: Elapsed Time: 7.83463907241821 secs

Confusion Matrix and Statistics

          Reference
Prediction buy sell
      buy   48   73
      sell  71   59
                                        
               Accuracy : 0.4263        
                 95% CI : (0.3643, 0.49)
    No Information Rate : 0.5259        
    P-Value [Acc > NIR] : 0.9994        
                                        
                  Kappa : -0.1495       
                                        
 Mcnemar's Test P-Value : 0.9336        
                                        
              Precision : 0.3967        
                 Recall : 0.4034        
                     F1 : 0.4000        
             Prevalence : 0.4741        
         Detection Rate : 0.1912        
   Detection Prevalence : 0.4821        
      Balanced Accuracy : 0.4252        
                                        
       'Positive' Class : buy           
                                        

NOTE: Log Print Time:  2022-06-18 23:48:42
NOTE: Elapsed Time: 0.00398898124694824 secs

rf variable importance

        Overall
bb_low    183.7
bb_avg    159.9
bb_high   158.1

NOTE: Log Print Time:  2022-06-18 23:48:42
NOTE: Elapsed Time: 0.00299406051635742 secs

train/test decision tree....

NOTE: Log Print Time:  2022-06-18 23:48:42
NOTE: Elapsed Time: 0.530580997467041 secs

Confusion Matrix and Statistics

          Reference
Prediction buy sell
      buy   44   51
      sell  75   81
                                          
               Accuracy : 0.498           
                 95% CI : (0.4345, 0.5616)
    No Information Rate : 0.5259          
    P-Value [Acc > NIR] : 0.82847         
                                          
                  Kappa : -0.0168         
                                          
 Mcnemar's Test P-Value : 0.04046         
                                          
              Precision : 0.4632          
                 Recall : 0.3697          
                     F1 : 0.4112          
             Prevalence : 0.4741          
         Detection Rate : 0.1753          
   Detection Prevalence : 0.3785          
      Balanced Accuracy : 0.4917          
                                          
       'Positive' Class : buy             
                                          

NOTE: Log Print Time:  2022-06-18 23:48:42
NOTE: Elapsed Time: 0.00398993492126465 secs

rpart variable importance

        Overall
bb_low    3.552
bb_high   2.935
bb_avg    1.511

NOTE: Log Print Time:  2022-06-18 23:48:42
NOTE: Elapsed Time: 0.0029909610748291 secs

train/test random forest....

NOTE: Log Print Time:  2022-06-18 23:48:50
NOTE: Elapsed Time: 7.81591200828552 secs

Confusion Matrix and Statistics

          Reference
Prediction buy sell
      buy   48   73
      sell  71   59
                                        
               Accuracy : 0.4263        
                 95% CI : (0.3643, 0.49)
    No Information Rate : 0.5259        
    P-Value [Acc > NIR] : 0.9994        
                                        
                  Kappa : -0.1495       
                                        
 Mcnemar's Test P-Value : 0.9336        
                                        
              Precision : 0.3967        
                 Recall : 0.4034        
                     F1 : 0.4000        
             Prevalence : 0.4741        
         Detection Rate : 0.1912        
   Detection Prevalence : 0.4821        
      Balanced Accuracy : 0.4252        
                                        
       'Positive' Class : buy           
                                        

NOTE: Log Print Time:  2022-06-18 23:48:50
NOTE: Elapsed Time: 0.00398898124694824 secs

rf variable importance

        Overall
bb_low    183.7
bb_avg    159.9
bb_high   158.1

NOTE: Log Print Time:  2022-06-18 23:48:50
NOTE: Elapsed Time: 0.00299215316772461 secs

train/test decision tree....

NOTE: Log Print Time:  2022-06-18 23:48:51
NOTE: Elapsed Time: 0.524596929550171 secs

Confusion Matrix and Statistics

          Reference
Prediction buy sell
      buy   44   51
      sell  75   81
                                          
               Accuracy : 0.498           
                 95% CI : (0.4345, 0.5616)
    No Information Rate : 0.5259          
    P-Value [Acc > NIR] : 0.82847         
                                          
                  Kappa : -0.0168         
                                          
 Mcnemar's Test P-Value : 0.04046         
                                          
              Precision : 0.4632          
                 Recall : 0.3697          
                     F1 : 0.4112          
             Prevalence : 0.4741          
         Detection Rate : 0.1753          
   Detection Prevalence : 0.3785          
      Balanced Accuracy : 0.4917          
                                          
       'Positive' Class : buy             
                                          

NOTE: Log Print Time:  2022-06-18 23:48:51
NOTE: Elapsed Time: 0.00420403480529785 secs

rpart variable importance

        Overall
bb_low    3.552
bb_high   2.935
bb_avg    1.511

NOTE: Log Print Time:  2022-06-18 23:48:51
NOTE: Elapsed Time: 0.00395488739013672 secs

train/test random forest....

NOTE: Log Print Time:  2022-06-18 23:48:58
NOTE: Elapsed Time: 7.56029915809631 secs

Confusion Matrix and Statistics

          Reference
Prediction buy sell
      buy   48   73
      sell  71   59
                                        
               Accuracy : 0.4263        
                 95% CI : (0.3643, 0.49)
    No Information Rate : 0.5259        
    P-Value [Acc > NIR] : 0.9994        
                                        
                  Kappa : -0.1495       
                                        
 Mcnemar's Test P-Value : 0.9336        
                                        
              Precision : 0.3967        
                 Recall : 0.4034        
                     F1 : 0.4000        
             Prevalence : 0.4741        
         Detection Rate : 0.1912        
   Detection Prevalence : 0.4821        
      Balanced Accuracy : 0.4252        
                                        
       'Positive' Class : buy           
                                        

NOTE: Log Print Time:  2022-06-18 23:48:58
NOTE: Elapsed Time: 0.00395107269287109 secs

rf variable importance

        Overall
bb_low    183.7
bb_avg    159.9
bb_high   158.1

NOTE: Log Print Time:  2022-06-18 23:48:58
NOTE: Elapsed Time: 0.00299382209777832 secs

train/test decision tree....

NOTE: Log Print Time:  2022-06-18 23:48:59
NOTE: Elapsed Time: 0.567675113677979 secs

Confusion Matrix and Statistics

          Reference
Prediction buy sell
      buy   44   51
      sell  75   81
                                          
               Accuracy : 0.498           
                 95% CI : (0.4345, 0.5616)
    No Information Rate : 0.5259          
    P-Value [Acc > NIR] : 0.82847         
                                          
                  Kappa : -0.0168         
                                          
 Mcnemar's Test P-Value : 0.04046         
                                          
              Precision : 0.4632          
                 Recall : 0.3697          
                     F1 : 0.4112          
             Prevalence : 0.4741          
         Detection Rate : 0.1753          
   Detection Prevalence : 0.3785          
      Balanced Accuracy : 0.4917          
                                          
       'Positive' Class : buy             
                                          

NOTE: Log Print Time:  2022-06-18 23:48:59
NOTE: Elapsed Time: 0.00398993492126465 secs

rpart variable importance

        Overall
bb_low    3.552
bb_high   2.935
bb_avg    1.511

NOTE: Log Print Time:  2022-06-18 23:48:59
NOTE: Elapsed Time: 0.00398898124694824 secs

train/test random forest....

NOTE: Log Print Time:  2022-06-18 23:49:06
NOTE: Elapsed Time: 7.57887291908264 secs

Confusion Matrix and Statistics

          Reference
Prediction buy sell
      buy   48   73
      sell  71   59
                                        
               Accuracy : 0.4263        
                 95% CI : (0.3643, 0.49)
    No Information Rate : 0.5259        
    P-Value [Acc > NIR] : 0.9994        
                                        
                  Kappa : -0.1495       
                                        
 Mcnemar's Test P-Value : 0.9336        
                                        
              Precision : 0.3967        
                 Recall : 0.4034        
                     F1 : 0.4000        
             Prevalence : 0.4741        
         Detection Rate : 0.1912        
   Detection Prevalence : 0.4821        
      Balanced Accuracy : 0.4252        
                                        
       'Positive' Class : buy           
                                        

NOTE: Log Print Time:  2022-06-18 23:49:06
NOTE: Elapsed Time: 0.00398802757263184 secs

rf variable importance

        Overall
bb_low    183.7
bb_avg    159.9
bb_high   158.1

NOTE: Log Print Time:  2022-06-18 23:49:06
NOTE: Elapsed Time: 0.00303196907043457 secs

train/test decision tree....

NOTE: Log Print Time:  2022-06-18 23:49:07
NOTE: Elapsed Time: 0.534531116485596 secs

Confusion Matrix and Statistics

          Reference
Prediction buy sell
      buy   44   51
      sell  75   81
                                          
               Accuracy : 0.498           
                 95% CI : (0.4345, 0.5616)
    No Information Rate : 0.5259          
    P-Value [Acc > NIR] : 0.82847         
                                          
                  Kappa : -0.0168         
                                          
 Mcnemar's Test P-Value : 0.04046         
                                          
              Precision : 0.4632          
                 Recall : 0.3697          
                     F1 : 0.4112          
             Prevalence : 0.4741          
         Detection Rate : 0.1753          
   Detection Prevalence : 0.3785          
      Balanced Accuracy : 0.4917          
                                          
       'Positive' Class : buy             
                                          

NOTE: Log Print Time:  2022-06-18 23:49:07
NOTE: Elapsed Time: 0.00398898124694824 secs

rpart variable importance

        Overall
bb_low    3.552
bb_high   2.935
bb_avg    1.511

NOTE: Log Print Time:  2022-06-18 23:49:07
NOTE: Elapsed Time: 0.00199508666992188 secs

train/test random forest....

NOTE: Log Print Time:  2022-06-18 23:49:15
NOTE: Elapsed Time: 7.79510688781738 secs

Confusion Matrix and Statistics

          Reference
Prediction buy sell
      buy   48   73
      sell  71   59
                                        
               Accuracy : 0.4263        
                 95% CI : (0.3643, 0.49)
    No Information Rate : 0.5259        
    P-Value [Acc > NIR] : 0.9994        
                                        
                  Kappa : -0.1495       
                                        
 Mcnemar's Test P-Value : 0.9336        
                                        
              Precision : 0.3967        
                 Recall : 0.4034        
                     F1 : 0.4000        
             Prevalence : 0.4741        
         Detection Rate : 0.1912        
   Detection Prevalence : 0.4821        
      Balanced Accuracy : 0.4252        
                                        
       'Positive' Class : buy           
                                        

NOTE: Log Print Time:  2022-06-18 23:49:15
NOTE: Elapsed Time: 0.00296592712402344 secs

rf variable importance

        Overall
bb_low    183.7
bb_avg    159.9
bb_high   158.1

NOTE: Log Print Time:  2022-06-18 23:49:15
NOTE: Elapsed Time: 0.00299215316772461 secs

train/test decision tree....

NOTE: Log Print Time:  2022-06-18 23:49:15
NOTE: Elapsed Time: 0.532022953033447 secs

Confusion Matrix and Statistics

          Reference
Prediction buy sell
      buy   44   51
      sell  75   81
                                          
               Accuracy : 0.498           
                 95% CI : (0.4345, 0.5616)
    No Information Rate : 0.5259          
    P-Value [Acc > NIR] : 0.82847         
                                          
                  Kappa : -0.0168         
                                          
 Mcnemar's Test P-Value : 0.04046         
                                          
              Precision : 0.4632          
                 Recall : 0.3697          
                     F1 : 0.4112          
             Prevalence : 0.4741          
         Detection Rate : 0.1753          
   Detection Prevalence : 0.3785          
      Balanced Accuracy : 0.4917          
                                          
       'Positive' Class : buy             
                                          

NOTE: Log Print Time:  2022-06-18 23:49:15
NOTE: Elapsed Time: 0.0040290355682373 secs

rpart variable importance

        Overall
bb_low    3.552
bb_high   2.935
bb_avg    1.511

NOTE: Log Print Time:  2022-06-18 23:49:15
NOTE: Elapsed Time: 0.00299191474914551 secs

train/test random forest....

NOTE: Log Print Time:  2022-06-18 23:49:23
NOTE: Elapsed Time: 7.85191917419434 secs

Confusion Matrix and Statistics

          Reference
Prediction buy sell
      buy   48   73
      sell  71   59
                                        
               Accuracy : 0.4263        
                 95% CI : (0.3643, 0.49)
    No Information Rate : 0.5259        
    P-Value [Acc > NIR] : 0.9994        
                                        
                  Kappa : -0.1495       
                                        
 Mcnemar's Test P-Value : 0.9336        
                                        
              Precision : 0.3967        
                 Recall : 0.4034        
                     F1 : 0.4000        
             Prevalence : 0.4741        
         Detection Rate : 0.1912        
   Detection Prevalence : 0.4821        
      Balanced Accuracy : 0.4252        
                                        
       'Positive' Class : buy           
                                        

NOTE: Log Print Time:  2022-06-18 23:49:23
NOTE: Elapsed Time: 0.00398087501525879 secs

rf variable importance

        Overall
bb_low    183.7
bb_avg    159.9
bb_high   158.1

NOTE: Log Print Time:  2022-06-18 23:49:23
NOTE: Elapsed Time: 0.00296592712402344 secs

Warning messages:
1: In text.default(xy$x, xy$y + 0.5 * cxy[2L], rows[left.child],  ... :
  "use.n." is not a graphical parameter
2: In text.default(xy$x[leaves], xy$y[leaves] - 0.5 * cxy[2L],  ... :
  "use.n." is not a graphical parameter
3: In doTryCatch(return(expr), name, parentenv, handler) :
  "use.n." is not a graphical parameter
4: In doTryCatch(return(expr), name, parentenv, handler) :
  "use.n." is not a graphical parameter
5: In doTryCatch(return(expr), name, parentenv, handler) :
  "use.n." is not a graphical parameter
6: In doTryCatch(return(expr), name, parentenv, handler) :
  "use.n." is not a graphical parameter
7: In text.default(xy$x, xy$y + 0.5 * cxy[2L], rows[left.child],  ... :
  "use.n." is not a graphical parameter
8: In text.default(xy$x[leaves], xy$y[leaves] - 0.5 * cxy[2L],  ... :
  "use.n." is not a graphical parameter
9: In doTryCatch(return(expr), name, parentenv, handler) :
  "use.n." is not a graphical parameter
10: In doTryCatch(return(expr), name, parentenv, handler) :
  "use.n." is not a graphical parameter
11: In doTryCatch(return(expr), name, parentenv, handler) :
  "use.n." is not a graphical parameter
12: In doTryCatch(return(expr), name, parentenv, handler) :
  "use.n." is not a graphical parameter
13: In text.default(xy$x, xy$y + 0.5 * cxy[2L], rows[left.child],  ... :
  "use.n." is not a graphical parameter
14: In text.default(xy$x[leaves], xy$y[leaves] - 0.5 * cxy[2L],  ... :
  "use.n." is not a graphical parameter
15: In doTryCatch(return(expr), name, parentenv, handler) :
  "use.n." is not a graphical parameter
16: In doTryCatch(return(expr), name, parentenv, handler) :
  "use.n." is not a graphical parameter
17: In doTryCatch(return(expr), name, parentenv, handler) :
  "use.n." is not a graphical parameter
18: In doTryCatch(return(expr), name, parentenv, handler) :
  "use.n." is not a graphical parameter
19: In text.default(xy$x, xy$y + 0.5 * cxy[2L], rows[left.child],  ... :
  "use.n." is not a graphical parameter
20: In text.default(xy$x[leaves], xy$y[leaves] - 0.5 * cxy[2L],  ... :
  "use.n." is not a graphical parameter
21: In doTryCatch(return(expr), name, parentenv, handler) :
  "use.n." is not a graphical parameter
22: In doTryCatch(return(expr), name, parentenv, handler) :
  "use.n." is not a graphical parameter
23: In doTryCatch(return(expr), name, parentenv, handler) :
  "use.n." is not a graphical parameter
24: In doTryCatch(return(expr), name, parentenv, handler) :
  "use.n." is not a graphical parameter
25: In text.default(xy$x, xy$y + 0.5 * cxy[2L], rows[left.child],  ... :
  "use.n." is not a graphical parameter
26: In text.default(xy$x[leaves], xy$y[leaves] - 0.5 * cxy[2L],  ... :
  "use.n." is not a graphical parameter
27: In doTryCatch(return(expr), name, parentenv, handler) :
  "use.n." is not a graphical parameter
28: In doTryCatch(return(expr), name, parentenv, handler) :
  "use.n." is not a graphical parameter
29: In doTryCatch(return(expr), name, parentenv, handler) :
  "use.n." is not a graphical parameter
30: In doTryCatch(return(expr), name, parentenv, handler) :
  "use.n." is not a graphical parameter
31: In text.default(xy$x, xy$y + 0.5 * cxy[2L], rows[left.child],  ... :
  "use.n." is not a graphical parameter
32: In text.default(xy$x[leaves], xy$y[leaves] - 0.5 * cxy[2L],  ... :
  "use.n." is not a graphical parameter
33: In doTryCatch(return(expr), name, parentenv, handler) :
  "use.n." is not a graphical parameter
34: In doTryCatch(return(expr), name, parentenv, handler) :
  "use.n." is not a graphical parameter
35: In doTryCatch(return(expr), name, parentenv, handler) :
  "use.n." is not a graphical parameter
36: In doTryCatch(return(expr), name, parentenv, handler) :
  "use.n." is not a graphical parameter
37: In text.default(xy$x, xy$y + 0.5 * cxy[2L], rows[left.child],  ... :
  "use.n." is not a graphical parameter
38: In text.default(xy$x[leaves], xy$y[leaves] - 0.5 * cxy[2L],  ... :
  "use.n." is not a graphical parameter
39: In doTryCatch(return(expr), name, parentenv, handler) :
  "use.n." is not a graphical parameter
40: In doTryCatch(return(expr), name, parentenv, handler) :
  "use.n." is not a graphical parameter
41: In doTryCatch(return(expr), name, parentenv, handler) :
  "use.n." is not a graphical parameter
42: In doTryCatch(return(expr), name, parentenv, handler) :
  "use.n." is not a graphical parameter
43: In text.default(xy$x, xy$y + 0.5 * cxy[2L], rows[left.child],  ... :
  "use.n." is not a graphical parameter
44: In text.default(xy$x[leaves], xy$y[leaves] - 0.5 * cxy[2L],  ... :
  "use.n." is not a graphical parameter
45: In doTryCatch(return(expr), name, parentenv, handler) :
  "use.n." is not a graphical parameter
46: In doTryCatch(return(expr), name, parentenv, handler) :
  "use.n." is not a graphical parameter
47: In doTryCatch(return(expr), name, parentenv, handler) :
  "use.n." is not a graphical parameter
48: In doTryCatch(return(expr), name, parentenv, handler) :
  "use.n." is not a graphical parameter
49: In text.default(xy$x, xy$y + 0.5 * cxy[2L], rows[left.child],  ... :
  "use.n." is not a graphical parameter
50: In text.default(xy$x[leaves], xy$y[leaves] - 0.5 * cxy[2L],  ... :
  "use.n." is not a graphical parameter

NOTE: Log Print Time: 2022-06-18 23:49:23
NOTE: Log Elapsed Time: 0.0110070705413818

=========================================================================
Log End Time: 2022-06-18 23:49:23
Log Elapsed Time: 0 00:01:24
=========================================================================
