=========================================================================
Log Path: ./log/log_2022-06-18_2022-06-18 23_45_55.log
Program Path: C:/Users/owner/OneDrive/Documents/MS Analytics_HU/ANLY 530-51- B-2022Summer - Prin and Appl of Machine Learning/SampleProject/main.R
Working Directory: C:/Users/owner/OneDrive/Documents/MS Analytics_HU/ANLY 530-51- B-2022Summer - Prin and Appl of Machine Learning/SampleProject
User Name: owner
R Version: 4.1.0 (2021-05-18)
Machine: DESKTOP-12J9I86 x86-64
Operating System: Windows 10 x64 build 22000
Base Packages: stats graphics grDevices utils datasets methods base
Other Packages: logr_1.3.0 corrplot_0.90 magrittr_2.0.1 mice_3.13.0 readr_2.1.1
                quantmod_0.4.20 TTR_0.24.3 xts_0.12.1 zoo_1.8-9 caret_6.0-92
                lattice_0.20-44 ggplot2_3.3.5 
Log Start Time: 2022-06-18 23:45:56
=========================================================================

Download data... 

NOTE: Log Print Time:  2022-06-18 23:45:56
NOTE: Elapsed Time: 0.222216844558716 secs

             Open   High    Low  Close  Volume Adjusted
2017-06-19 949.96 959.99 949.05 957.37 1533300   957.37
2017-06-20 957.52 961.62 950.01 950.63 1126000   950.63
2017-06-21 953.64 960.10 950.76 959.45 1202200   959.45
2017-06-22 958.70 960.72 954.55 957.09  941400   957.09
2017-06-23 956.83 966.00 954.20 965.59 1527900   965.59
2017-06-26 969.90 973.31 950.79 952.27 1598400   952.27

NOTE: Log Print Time:  2022-06-18 23:45:56
NOTE: Elapsed Time: 0.00494718551635742 secs

correlation analysis...

NOTE: Log Print Time:  2022-06-18 23:45:56
NOTE: Elapsed Time: 0.0368509292602539 secs

             High        Low      Close     Volume
High    1.0000000  0.9995640  0.9996468 -0.1971382
Low     0.9995640  1.0000000  0.9996903 -0.2142427
Close   0.9996468  0.9996903  1.0000000 -0.2071475
Volume -0.1971382 -0.2142427 -0.2071475  1.0000000

NOTE: Log Print Time:  2022-06-18 23:45:56
NOTE: Elapsed Time: 0.00199794769287109 secs

added features...

NOTE: Log Print Time:  2022-06-18 23:45:56
NOTE: Elapsed Time: 0.0478701591491699 secs

            Volume dn mavg up
2017-06-19 1533300 NA   NA NA
2017-06-20 1126000 NA   NA NA
2017-06-21 1202200 NA   NA NA
2017-06-22  941400 NA   NA NA
2017-06-23 1527900 NA   NA NA
2017-06-26 1598400 NA   NA NA

NOTE: Data frame has 6 rows and 4 columns.

NOTE: Log Print Time:  2022-06-18 23:45:56
NOTE: Elapsed Time: 0.00598287582397461 secs

Error in loadNamespace(x) : there is no package called ‘outlieR’

Traceback:
10: stop(cond)
9: doWithOneRestart(return(expr), restart)
8: withOneRestart(expr, restarts[[1L]])
7: withRestarts(stop(cond), retry_loadNamespace = function() NULL)
6: loadNamespace(x)
5: data %>% outlieR::impute(flag = NULL, fill = "mean", level = 0.1, 
       nmax = NULL, side = NULL, crit = "lof", k = 5, metric = "euclidean", 
       q = 3) at preprocess_data.r#8
4: eval(ei, envir)
3: eval(ei, envir)
2: withVisible(eval(ei, envir))
1: source("scripts/preprocess_data.r")

NOTE: Log Print Time:  2022-06-18 23:45:58
NOTE: Elapsed Time: 1.60132098197937 secs

target creation....

NOTE: Log Print Time:  2022-06-18 23:45:58
NOTE: Elapsed Time: 0.0169551372528076 secs

      bb_low      bb_avg     bb_high target
2  0.1422687  0.66368420  1.18647147   sell
3  0.4904131  0.17236978  1.05090153    buy
4 -0.4400472  0.37715066  0.74449028   sell
5 -0.6545663  4.60085158 -0.04621561    buy
6 -0.5060097 -0.01282121  1.02168905    buy
7  1.1160795 -0.60573213 -0.39207035    buy

NOTE: Data frame has 6 rows and 4 columns.

NOTE: Log Print Time:  2022-06-18 23:45:58
NOTE: Elapsed Time: 0.00398898124694824 secs

split data....

NOTE: Log Print Time:  2022-06-18 23:45:58
NOTE: Elapsed Time: 0.00798583030700684 secs

      bb_low     bb_avg     bb_high target
2  0.1422687  0.6636842  1.18647147   sell
3  0.4904131  0.1723698  1.05090153    buy
4 -0.4400472  0.3771507  0.74449028   sell
5 -0.6545663  4.6008516 -0.04621561    buy
7  1.1160795 -0.6057321 -0.39207035    buy
8  0.5472446 -0.8757586 -1.30444509    buy

NOTE: Data frame has 6 rows and 4 columns.

NOTE: Log Print Time:  2022-06-18 23:45:58
NOTE: Elapsed Time: 0.0039820671081543 secs

       bb_low      bb_avg    bb_high target
6  -0.5060097 -0.01282121  1.0216890    buy
10 -0.6698870 -0.82123669 -0.6492034   sell
25 -0.2087356  0.51091766  0.6381624    buy
28 -1.2513842  0.91316924  1.5763872    buy
34 -1.4699061  0.54912153  1.3055668   sell
38 -1.5238395  0.54609973  1.3292541    buy

NOTE: Data frame has 6 rows and 4 columns.

NOTE: Log Print Time:  2022-06-18 23:45:58
NOTE: Elapsed Time: 0.00299191474914551 secs

train/test decision tree....

NOTE: Log Print Time:  2022-06-18 23:45:58
NOTE: Elapsed Time: 0.553520202636719 secs

Confusion Matrix and Statistics

          Reference
Prediction buy sell
      buy   44   51
      sell  75   81
                                          
               Accuracy : 0.498           
                 95% CI : (0.4345, 0.5616)
    No Information Rate : 0.5259          
    P-Value [Acc > NIR] : 0.82847         
                                          
                  Kappa : -0.0168         
                                          
 Mcnemar's Test P-Value : 0.04046         
                                          
              Precision : 0.4632          
                 Recall : 0.3697          
                     F1 : 0.4112          
             Prevalence : 0.4741          
         Detection Rate : 0.1753          
   Detection Prevalence : 0.3785          
      Balanced Accuracy : 0.4917          
                                          
       'Positive' Class : buy             
                                          

NOTE: Log Print Time:  2022-06-18 23:45:58
NOTE: Elapsed Time: 0.00302600860595703 secs

Error in log - print(vi) : non-numeric argument to binary operator

Traceback:
4: eval(ei, envir)
3: eval(ei, envir)
2: withVisible(eval(ei, envir))
1: source("scripts/modeling.r")

NOTE: Log Print Time:  2022-06-18 23:45:58
NOTE: Elapsed Time: 0.00299191474914551 secs

Warning messages:
1: In text.default(xy$x, xy$y + 0.5 * cxy[2L], rows[left.child],  ... :
  "use.n." is not a graphical parameter
2: In text.default(xy$x[leaves], xy$y[leaves] - 0.5 * cxy[2L],  ... :
  "use.n." is not a graphical parameter

NOTE: Log Print Time: 2022-06-18 23:45:58
NOTE: Log Elapsed Time: 0.00299286842346191

=========================================================================
Log End Time: 2022-06-18 23:45:58
Log Elapsed Time: 0 00:00:02
=========================================================================
